Release 14.1 - xst P.15xf (lin)
Copyright (c) 1995-2012 Xilinx, Inc.  All rights reserved.
--> 
Parameter TMPDIR set to xst/projnav.tmp


Total REAL time to Xst completion: 0.00 secs
Total CPU time to Xst completion: 0.03 secs
 
--> 
Parameter xsthdpdir set to xst


Total REAL time to Xst completion: 0.00 secs
Total CPU time to Xst completion: 0.03 secs
 
--> 
Reading design: ALU16.prj

TABLE OF CONTENTS
  1) Synthesis Options Summary
  2) HDL Compilation
  3) Design Hierarchy Analysis
  4) HDL Analysis
  5) HDL Synthesis
     5.1) HDL Synthesis Report
  6) Advanced HDL Synthesis
     6.1) Advanced HDL Synthesis Report
  7) Low Level Synthesis
  8) Partition Report
  9) Final Report
	9.1) Device utilization summary
	9.2) Partition Resource Summary
	9.3) TIMING REPORT


=========================================================================
*                      Synthesis Options Summary                        *
=========================================================================
---- Source Parameters
Input File Name                    : "ALU16.prj"
Input Format                       : mixed
Ignore Synthesis Constraint File   : NO

---- Target Parameters
Output File Name                   : "ALU16"
Output Format                      : NGC
Target Device                      : xc3s400-5-pq208

---- Source Options
Top Module Name                    : ALU16
Automatic FSM Extraction           : YES
FSM Encoding Algorithm             : Auto
Safe Implementation                : No
FSM Style                          : LUT
RAM Extraction                     : Yes
RAM Style                          : Auto
ROM Extraction                     : Yes
Mux Style                          : Auto
Decoder Extraction                 : YES
Priority Encoder Extraction        : Yes
Shift Register Extraction          : YES
Logical Shifter Extraction         : YES
XOR Collapsing                     : YES
ROM Style                          : Auto
Mux Extraction                     : Yes
Resource Sharing                   : YES
Asynchronous To Synchronous        : NO
Multiplier Style                   : Auto
Automatic Register Balancing       : No

---- Target Options
Add IO Buffers                     : YES
Global Maximum Fanout              : 100000
Add Generic Clock Buffer(BUFG)     : 8
Register Duplication               : YES
Slice Packing                      : YES
Optimize Instantiated Primitives   : NO
Use Clock Enable                   : Yes
Use Synchronous Set                : Yes
Use Synchronous Reset              : Yes
Pack IO Registers into IOBs        : Auto
Equivalent register Removal        : YES

---- General Options
Optimization Goal                  : Speed
Optimization Effort                : 1
Keep Hierarchy                     : No
Netlist Hierarchy                  : As_Optimized
RTL Output                         : Yes
Global Optimization                : AllClockNets
Read Cores                         : YES
Write Timing Constraints           : NO
Cross Clock Analysis               : NO
Hierarchy Separator                : /
Bus Delimiter                      : <>
Case Specifier                     : Maintain
Slice Utilization Ratio            : 100
BRAM Utilization Ratio             : 100
Verilog 2001                       : YES
Auto BRAM Packing                  : NO
Slice Utilization Ratio Delta      : 5

=========================================================================


=========================================================================
*                          HDL Compilation                              *
=========================================================================
Compiling verilog file "../../../../../../../mnt/hgfs/Dropbox/ReDEnergy/CN/Tema2/74182.v" in library work
Module <Circuit74182> compiled
Compiling verilog file "../../../../../../../mnt/hgfs/Dropbox/ReDEnergy/CN/Tema2/74181.v" in library work
Module <TopLevel74182> compiled
Module <Circuit74181> compiled
Module <TopLevel74181> compiled
Module <Emodule> compiled
Module <Dmodule> compiled
Module <CLAmodule> compiled
Compiling verilog file "../../../../../../../mnt/hgfs/Dropbox/ReDEnergy/CN/Tema2/ALU16.v" in library work
Module <Summodule> compiled
Module <ALU16> compiled
No errors in compilation
Analysis of file <"ALU16.prj"> succeeded.
 

=========================================================================
*                     Design Hierarchy Analysis                         *
=========================================================================
Analyzing hierarchy for module <ALU16> in library <work>.

Analyzing hierarchy for module <Circuit74182> in library <work>.

Analyzing hierarchy for module <Circuit74181> in library <work>.

Analyzing hierarchy for module <TopLevel74182> in library <work>.

Analyzing hierarchy for module <TopLevel74181> in library <work>.

Analyzing hierarchy for module <Emodule> in library <work>.

Analyzing hierarchy for module <Dmodule> in library <work>.

Analyzing hierarchy for module <CLAmodule> in library <work>.

Analyzing hierarchy for module <Summodule> in library <work>.


=========================================================================
*                            HDL Analysis                               *
=========================================================================
Analyzing top module <ALU16>.
Module <ALU16> is correct for synthesis.
 
Analyzing module <Circuit74182> in library <work>.
Module <Circuit74182> is correct for synthesis.
 
Analyzing module <TopLevel74182> in library <work>.
Module <TopLevel74182> is correct for synthesis.
 
Analyzing module <Circuit74181> in library <work>.
Module <Circuit74181> is correct for synthesis.
 
Analyzing module <TopLevel74181> in library <work>.
Module <TopLevel74181> is correct for synthesis.
 
Analyzing module <Emodule> in library <work>.
Module <Emodule> is correct for synthesis.
 
Analyzing module <Dmodule> in library <work>.
Module <Dmodule> is correct for synthesis.
 
Analyzing module <CLAmodule> in library <work>.
Module <CLAmodule> is correct for synthesis.
 
Analyzing module <Summodule> in library <work>.
Module <Summodule> is correct for synthesis.
 

=========================================================================
*                           HDL Synthesis                               *
=========================================================================

Performing bidirectional port resolution...

Synthesizing Unit <TopLevel74182>.
    Related source file is "../../../../../../../mnt/hgfs/Dropbox/ReDEnergy/CN/Tema2/74182.v".
Unit <TopLevel74182> synthesized.


Synthesizing Unit <Emodule>.
    Related source file is "../../../../../../../mnt/hgfs/Dropbox/ReDEnergy/CN/Tema2/74181.v".
WARNING:Xst:647 - Input <S<1:0>> is never used. This port will be preserved and left unconnected if it belongs to a top-level block or it belongs to a sub-block and the hierarchy of this sub-block is preserved.
Unit <Emodule> synthesized.


Synthesizing Unit <Dmodule>.
    Related source file is "../../../../../../../mnt/hgfs/Dropbox/ReDEnergy/CN/Tema2/74181.v".
WARNING:Xst:647 - Input <S<3:2>> is never used. This port will be preserved and left unconnected if it belongs to a top-level block or it belongs to a sub-block and the hierarchy of this sub-block is preserved.
Unit <Dmodule> synthesized.


Synthesizing Unit <CLAmodule>.
    Related source file is "../../../../../../../mnt/hgfs/Dropbox/ReDEnergy/CN/Tema2/74181.v".
Unit <CLAmodule> synthesized.


Synthesizing Unit <Summodule>.
    Related source file is "../../../../../../../mnt/hgfs/Dropbox/ReDEnergy/CN/Tema2/74181.v".
    Found 4-bit xor2 for signal <F>.
    Found 4-bit xor2 for signal <EXD>.
Unit <Summodule> synthesized.


Synthesizing Unit <Circuit74182>.
    Related source file is "../../../../../../../mnt/hgfs/Dropbox/ReDEnergy/CN/Tema2/74182.v".
Unit <Circuit74182> synthesized.


Synthesizing Unit <TopLevel74181>.
    Related source file is "../../../../../../../mnt/hgfs/Dropbox/ReDEnergy/CN/Tema2/74181.v".
Unit <TopLevel74181> synthesized.


Synthesizing Unit <Circuit74181>.
    Related source file is "../../../../../../../mnt/hgfs/Dropbox/ReDEnergy/CN/Tema2/74181.v".
Unit <Circuit74181> synthesized.


Synthesizing Unit <ALU16>.
    Related source file is "../../../../../../../mnt/hgfs/Dropbox/ReDEnergy/CN/Tema2/ALU16.v".
WARNING:Xst:646 - Signal <CNZ<3:1>> is assigned but never used. This unconnected signal will be trimmed during the optimization process.
WARNING:Xst:646 - Signal <CNY<3:1>> is assigned but never used. This unconnected signal will be trimmed during the optimization process.
WARNING:Xst:646 - Signal <CNX<3:1>> is assigned but never used. This unconnected signal will be trimmed during the optimization process.
WARNING:Xst:646 - Signal <CN4> is assigned but never used. This unconnected signal will be trimmed during the optimization process.
Unit <ALU16> synthesized.


=========================================================================
HDL Synthesis Report

Macro Statistics
# Xors                                                 : 32
 1-bit xor2                                            : 32

=========================================================================

=========================================================================
*                       Advanced HDL Synthesis                          *
=========================================================================


=========================================================================
Advanced HDL Synthesis Report

Macro Statistics
# Xors                                                 : 32
 1-bit xor2                                            : 32

=========================================================================

=========================================================================
*                         Low Level Synthesis                           *
=========================================================================

Optimizing unit <ALU16> ...

Mapping all equations...
Building and optimizing final netlist ...
Found area constraint ratio of 100 (+ 5) on block ALU16, actual ratio is 1.

Final Macro Processing ...

=========================================================================
Final Register Report

Found no macro
=========================================================================

=========================================================================
*                           Partition Report                            *
=========================================================================

Partition Implementation Status
-------------------------------

  No Partitions were found in this design.

-------------------------------

=========================================================================
*                            Final Report                               *
=========================================================================
Final Results
RTL Top Level Output File Name     : ALU16.ngr
Top Level Output File Name         : ALU16
Output Format                      : NGC
Optimization Goal                  : Speed
Keep Hierarchy                     : No

Design Statistics
# IOs                              : 58

Cell Usage :
# BELS                             : 93
#      LUT2                        : 1
#      LUT3                        : 9
#      LUT4                        : 79
#      MUXF5                       : 4
# IO Buffers                       : 58
#      IBUF                        : 38
#      OBUF                        : 20
=========================================================================

Device utilization summary:
---------------------------

Selected Device : 3s400pq208-5 

 Number of Slices:                       51  out of   3584     1%  
 Number of 4 input LUTs:                 89  out of   7168     1%  
 Number of IOs:                          58
 Number of bonded IOBs:                  58  out of    141    41%  

---------------------------
Partition Resource Summary:
---------------------------

  No Partitions were found in this design.

---------------------------


=========================================================================
TIMING REPORT

NOTE: THESE TIMING NUMBERS ARE ONLY A SYNTHESIS ESTIMATE.
      FOR ACCURATE TIMING INFORMATION PLEASE REFER TO THE TRACE REPORT
      GENERATED AFTER PLACE-and-ROUTE.

Clock Information:
------------------
No clock signals found in this design

Asynchronous Control Signals Information:
----------------------------------------
No asynchronous control signals found in this design

Timing Summary:
---------------
Speed Grade: -5

   Minimum period: No path found
   Minimum input arrival time before clock: No path found
   Maximum output required time after clock: No path found
   Maximum combinational path delay: 19.756ns

Timing Detail:
--------------
All values displayed in nanoseconds (ns)

=========================================================================
Timing constraint: Default path analysis
  Total number of paths / destination ports: 3289 / 20
-------------------------------------------------------------------------
Delay:               19.756ns (Levels of Logic = 11)
  Source:            S<2> (PAD)
  Destination:       AEBo (PAD)

  Data Path: S<2> to AEBo
                                Gate     Net
    Cell:in->out      fanout   Delay   Delay  Logical Name (Net Name)
    ----------------------------------------  ------------
     IBUF:I->O            16   0.715   1.110  S_2_IBUF (S_2_IBUF)
     LUT4:I2->O            4   0.479   1.074  alu0/Ckt74181/Emod1/E_1_or00001 (alu0/Ckt74181/Emod1/E_1_or0000)
     LUT4:I0->O            1   0.479   0.851  alu0/Ckt74181/CLAmod3/Y_or0000_SW0 (N83)
     LUT4:I1->O            3   0.479   1.066  alu0/Ckt74181/CLAmod3/Y_or0000 (alu0/Ckt74181/CLAmod3/Y_or0000)
     LUT4:I0->O            3   0.479   0.941  cla0/Ckt74182/CNZ_or000011 (N16)
     LUT2:I1->O            2   0.479   1.040  cla0/Ckt74182/CNY_or00001 (alu2/Ckt74181/C<0>)
     LUT4:I0->O            2   0.479   1.040  alu2/Ckt74181/CLAmod3/C_3_not000011 (N18)
     LUT4:I0->O            1   0.479   0.976  alu2/Ckt74181/Summod4/Mxor_F<3>_Result1_SW0 (N89)
     LUT4:I0->O            2   0.479   1.040  alu2/Ckt74181/Summod4/Mxor_F<3>_Result1 (F_11_OBUF)
     LUT4:I0->O            1   0.479   0.681  AEBo52 (AEBo_OBUF)
     OBUF:I->O                 4.909          AEBo_OBUF (AEBo)
    ----------------------------------------
    Total                     19.756ns (9.935ns logic, 9.821ns route)
                                       (50.3% logic, 49.7% route)

=========================================================================


Total REAL time to Xst completion: 5.00 secs
Total CPU time to Xst completion: 3.74 secs
 
--> 


Total memory usage is 167020 kilobytes

Number of errors   :    0 (   0 filtered)
Number of warnings :   12 (   0 filtered)
Number of infos    :    0 (   0 filtered)

